# JRE version: OpenJDK Runtime Environment Temurin-17.0.11+9 (17.0.11+9) (build 17.0.11+9)
# Java VM: OpenJDK 64-Bit Server VM Temurin-17.0.11+9 (17.0.11+9, mixed mode, emulated-client, tiered, compressed oops, compressed class ptrs, g1 gc, windows-amd64)
GC Precious Log:
 CPUs: 12 total, 12 available
 Memory: 7498M
 Large Page Support: Disabled
 NUMA Support: Disabled
 Compressed Oops: Enabled (32-bit)
 Heap Region Size: 1M
 Heap Min Capacity: 8M
 Heap Initial Capacity: 118M
 Heap Max Capacity: 1G
 Pre-touch: Disabled
 Parallel Workers: 10
 Concurrent Workers: 3
 Concurrent Refinement Workers: 10
 Periodic GC: Disabled
Heap:
 garbage-first heap   total 101376K, used 38101K [0x00000000c0000000, 0x0000000100000000)
  region size 1024K, 1 young (1024K), 0 survivors (0K)
 Metaspace       used 62802K, committed 63232K, reserved 1114112K
  class space    used 7690K, committed 7872K, reserved 1048576K
GC Heap History (20 events):
Event: 5438.488 GC heap before
{Heap before GC invocations=331 (full 304):
 garbage-first heap   total 101376K, used 38101K [0x00000000c0000000, 0x0000000100000000)
  region size 1024K, 1 young (1024K), 0 survivors (0K)
 Metaspace       used 62802K, committed 63232K, reserved 1114112K
  class space    used 7690K, committed 7872K, reserved 1048576K
}
Event: 5438.538 GC heap after
{Heap after GC invocations=332 (full 305):
 garbage-first heap   total 101376K, used 38101K [0x00000000c0000000, 0x0000000100000000)
  region size 1024K, 0 young (0K), 0 survivors (0K)
 Metaspace       used 62802K, committed 63232K, reserved 1114112K
  class space    used 7690K, committed 7872K, reserved 1048576K
}
Event: 5451.656 GC heap before
{Heap before GC invocations=332 (full 305):
 garbage-first heap   total 101376K, used 38101K [0x00000000c0000000, 0x0000000100000000)
  region size 1024K, 1 young (1024K), 0 survivors (0K)
 Metaspace       used 62802K, committed 63232K, reserved 1114112K
  class space    used 7690K, committed 7872K, reserved 1048576K
}
Event: 5451.701 GC heap after
{Heap after GC invocations=333 (full 306):
 garbage-first heap   total 101376K, used 38101K [0x00000000c0000000, 0x0000000100000000)
  region size 1024K, 0 young (0K), 0 survivors (0K)
 Metaspace       used 62802K, committed 63232K, reserved 1114112K
  class space    used 7690K, committed 7872K, reserved 1048576K
}
Event: 5466.226 GC heap before
{Heap before GC invocations=333 (full 306):
 garbage-first heap   total 101376K, used 38101K [0x00000000c0000000, 0x0000000100000000)
  region size 1024K, 1 young (1024K), 0 survivors (0K)
 Metaspace       used 62802K, committed 63232K, reserved 1114112K
  class space    used 7690K, committed 7872K, reserved 1048576K
}
Event: 5466.709 GC heap after
{Heap after GC invocations=334 (full 307):
 garbage-first heap   total 101376K, used 38101K [0x00000000c0000000, 0x0000000100000000)
  region size 1024K, 0 young (0K), 0 survivors (0K)
 Metaspace       used 62802K, committed 63232K, reserved 1114112K
  class space    used 7690K, committed 7872K, reserved 1048576K
}
Event: 5484.341 GC heap before
{Heap before GC invocations=334 (full 307):
 garbage-first heap   total 101376K, used 38101K [0x00000000c0000000, 0x0000000100000000)
  region size 1024K, 1 young (1024K), 0 survivors (0K)
 Metaspace       used 62802K, committed 63232K, reserved 1114112K
  class space    used 7690K, committed 7872K, reserved 1048576K
}
Event: 5485.248 GC heap after
{Heap after GC invocations=335 (full 308):
 garbage-first heap   total 101376K, used 38101K [0x00000000c0000000, 0x0000000100000000)
  region size 1024K, 0 young (0K), 0 survivors (0K)
 Metaspace       used 62802K, committed 63232K, reserved 1114112K
  class space    used 7690K, committed 7872K, reserved 1048576K
}
Event: 5499.707 GC heap before
{Heap before GC invocations=335 (full 308):
 garbage-first heap   total 101376K, used 38101K [0x00000000c0000000, 0x0000000100000000)
  region size 1024K, 1 young (1024K), 0 survivors (0K)
 Metaspace       used 62802K, committed 63232K, reserved 1114112K
  class space    used 7690K, committed 7872K, reserved 1048576K
}
Event: 5499.976 GC heap after
{Heap after GC invocations=336 (full 309):
 garbage-first heap   total 101376K, used 38101K [0x00000000c0000000, 0x0000000100000000)
  region size 1024K, 0 young (0K), 0 survivors (0K)
 Metaspace       used 62802K, committed 63232K, reserved 1114112K
  class space    used 7690K, committed 7872K, reserved 1048576K
}
Event: 5512.907 GC heap before
{Heap before GC invocations=336 (full 309):
 garbage-first heap   total 101376K, used 38101K [0x00000000c0000000, 0x0000000100000000)
  region size 1024K, 1 young (1024K), 0 survivors (0K)
 Metaspace       used 62802K, committed 63232K, reserved 1114112K
  class space    used 7690K, committed 7872K, reserved 1048576K
}
Event: 5512.951 GC heap after
{Heap after GC invocations=337 (full 310):
 garbage-first heap   total 101376K, used 38101K [0x00000000c0000000, 0x0000000100000000)
  region size 1024K, 0 young (0K), 0 survivors (0K)
 Metaspace       used 62802K, committed 63232K, reserved 1114112K
  class space    used 7690K, committed 7872K, reserved 1048576K
}
Event: 5526.331 GC heap before
{Heap before GC invocations=337 (full 310):
 garbage-first heap   total 101376K, used 38101K [0x00000000c0000000, 0x0000000100000000)
  region size 1024K, 1 young (1024K), 0 survivors (0K)
 Metaspace       used 62802K, committed 63232K, reserved 1114112K
  class space    used 7690K, committed 7872K, reserved 1048576K
}
Event: 5526.382 GC heap after
{Heap after GC invocations=338 (full 311):
 garbage-first heap   total 101376K, used 38101K [0x00000000c0000000, 0x0000000100000000)
  region size 1024K, 0 young (0K), 0 survivors (0K)
 Metaspace       used 62802K, committed 63232K, reserved 1114112K
  class space    used 7690K, committed 7872K, reserved 1048576K
}
Event: 5539.085 GC heap before
{Heap before GC invocations=338 (full 311):
 garbage-first heap   total 101376K, used 38101K [0x00000000c0000000, 0x0000000100000000)
  region size 1024K, 1 young (1024K), 0 survivors (0K)
 Metaspace       used 62802K, committed 63232K, reserved 1114112K
  class space    used 7690K, committed 7872K, reserved 1048576K
}
Event: 5539.133 GC heap after
{Heap after GC invocations=339 (full 312):
 garbage-first heap   total 101376K, used 38101K [0x00000000c0000000, 0x0000000100000000)
  region size 1024K, 0 young (0K), 0 survivors (0K)
 Metaspace       used 62802K, committed 63232K, reserved 1114112K
  class space    used 7690K, committed 7872K, reserved 1048576K
}
Event: 5551.901 GC heap before
{Heap before GC invocations=339 (full 312):
 garbage-first heap   total 101376K, used 38101K [0x00000000c0000000, 0x0000000100000000)
  region size 1024K, 1 young (1024K), 0 survivors (0K)
 Metaspace       used 62802K, committed 63232K, reserved 1114112K
  class space    used 7690K, committed 7872K, reserved 1048576K
}
Event: 5551.948 GC heap after
{Heap after GC invocations=340 (full 313):
 garbage-first heap   total 101376K, used 38101K [0x00000000c0000000, 0x0000000100000000)
  region size 1024K, 0 young (0K), 0 survivors (0K)
 Metaspace       used 62802K, committed 63232K, reserved 1114112K
  class space    used 7690K, committed 7872K, reserved 1048576K
}
Event: 5565.467 GC heap before
{Heap before GC invocations=340 (full 313):
 garbage-first heap   total 101376K, used 38101K [0x00000000c0000000, 0x0000000100000000)
  region size 1024K, 1 young (1024K), 0 survivors (0K)
 Metaspace       used 62802K, committed 63232K, reserved 1114112K
  class space    used 7690K, committed 7872K, reserved 1048576K
}
Event: 5565.569 GC heap after
{Heap after GC invocations=341 (full 314):
 garbage-first heap   total 101376K, used 38101K [0x00000000c0000000, 0x0000000100000000)
  region size 1024K, 0 young (0K), 0 survivors (0K)
 Metaspace       used 62802K, committed 63232K, reserved 1114112K
  class space    used 7690K, committed 7872K, reserved 1048576K
}

